<?xml version="1.0" encoding="UTF-8"?>
<coverage generated="1511545631081" clover="3.2.0">
  <project timestamp="1511545631081" name="All files">
    <metrics statements="25" coveredstatements="22" conditionals="8" coveredconditionals="5" methods="14" coveredmethods="12" elements="47" coveredelements="39" complexity="0" loc="25" ncloc="25" packages="1" files="4" classes="4">
      <file name="Daylist.jsx" path="/home/benjamin/Projects/final_project/fitness-app/app/javascript/components/Daylist.jsx">
        <metrics statements="5" coveredstatements="5" conditionals="2" coveredconditionals="1" methods="4" coveredmethods="4"/>
        <line num="8" count="2" type="stmt"/>
        <line num="9" count="2" type="stmt"/>
        <line num="15" count="2" type="stmt"/>
        <line num="20" count="2" type="stmt"/>
        <line num="27" count="2" type="stmt"/>
      </file>
      <file name="Exerciselist.jsx" path="/home/benjamin/Projects/final_project/fitness-app/app/javascript/components/Exerciselist.jsx">
        <metrics statements="4" coveredstatements="4" conditionals="2" coveredconditionals="2" methods="4" coveredmethods="3"/>
        <line num="6" count="2" type="stmt"/>
        <line num="8" count="2" type="stmt"/>
        <line num="14" count="2" type="stmt"/>
        <line num="18" count="3" type="stmt"/>
      </file>
      <file name="Workout.jsx" path="/home/benjamin/Projects/final_project/fitness-app/app/javascript/components/Workout.jsx">
        <metrics statements="6" coveredstatements="4" conditionals="0" coveredconditionals="0" methods="3" coveredmethods="2"/>
        <line num="9" count="1" type="stmt"/>
        <line num="10" count="1" type="stmt"/>
        <line num="13" count="1" type="stmt"/>
        <line num="17" count="0" type="stmt"/>
        <line num="18" count="0" type="stmt"/>
        <line num="25" count="1" type="stmt"/>
      </file>
      <file name="Workoutform.jsx" path="/home/benjamin/Projects/final_project/fitness-app/app/javascript/components/Workoutform.jsx">
        <metrics statements="10" coveredstatements="9" conditionals="4" coveredconditionals="2" methods="3" coveredmethods="3"/>
        <line num="6" count="2" type="stmt"/>
        <line num="7" count="2" type="stmt"/>
        <line num="13" count="2" type="cond" truecount="1" falsecount="1"/>
        <line num="14" count="0" type="stmt"/>
        <line num="16" count="2" type="stmt"/>
        <line num="18" count="2" type="stmt"/>
        <line num="25" count="3" type="stmt"/>
        <line num="26" count="3" type="stmt"/>
        <line num="27" count="3" type="stmt"/>
        <line num="28" count="3" type="stmt"/>
      </file>
    </metrics>
  </project>
</coverage>
