{"/home/benjamin/Projects/final_project/fitness-app/app/javascript/components/Daylist.jsx": {"path":"/home/benjamin/Projects/final_project/fitness-app/app/javascript/components/Daylist.jsx","statementMap":{"0":{"start":{"line":8,"column":4},"end":{"line":8,"column":17}},"1":{"start":{"line":9,"column":4},"end":{"line":11,"column":5}},"2":{"start":{"line":15,"column":4},"end":{"line":41,"column":5}},"3":{"start":{"line":20,"column":14},"end":{"line":36,"column":15}},"4":{"start":{"line":27,"column":22},"end":{"line":31,"column":24}}},"fnMap":{"0":{"name":"(anonymous_0)","decl":{"start":{"line":7,"column":2},"end":{"line":7,"column":3}},"loc":{"start":{"line":7,"column":20},"end":{"line":12,"column":3}},"line":7},"1":{"name":"(anonymous_1)","decl":{"start":{"line":14,"column":2},"end":{"line":14,"column":3}},"loc":{"start":{"line":14,"column":10},"end":{"line":42,"column":3}},"line":14},"2":{"name":"(anonymous_2)","decl":{"start":{"line":19,"column":32},"end":{"line":19,"column":33}},"loc":{"start":{"line":19,"column":44},"end":{"line":37,"column":13}},"line":19},"3":{"name":"(anonymous_3)","decl":{"start":{"line":26,"column":42},"end":{"line":26,"column":43}},"loc":{"start":{"line":26,"column":63},"end":{"line":32,"column":21}},"line":26}},"branchMap":{"0":{"loc":{"start":{"line":10,"column":12},"end":{"line":10,"column":45}},"type":"binary-expr","locations":[{"start":{"line":10,"column":12},"end":{"line":10,"column":39}},{"start":{"line":10,"column":43},"end":{"line":10,"column":45}}],"line":10}},"s":{"0":2,"1":2,"2":2,"3":2,"4":2},"f":{"0":2,"1":2,"2":2,"3":2},"b":{"0":[2,0]},"_coverageSchema":"332fd63041d2c1bcb487cc26dd0d5f7d97098a6c","hash":"cca7906f3f8c1b7ca101b944b9f799277d57a5a3"}
,"/home/benjamin/Projects/final_project/fitness-app/app/javascript/components/Exerciselist.jsx": {"path":"/home/benjamin/Projects/final_project/fitness-app/app/javascript/components/Exerciselist.jsx","statementMap":{"0":{"start":{"line":6,"column":4},"end":{"line":6,"column":17}},"1":{"start":{"line":8,"column":4},"end":{"line":10,"column":5}},"2":{"start":{"line":14,"column":4},"end":{"line":22,"column":5}},"3":{"start":{"line":18,"column":12},"end":{"line":18,"column":97}},"4":{"start":{"line":18,"column":46},"end":{"line":18,"column":71}}},"fnMap":{"0":{"name":"(anonymous_0)","decl":{"start":{"line":5,"column":2},"end":{"line":5,"column":3}},"loc":{"start":{"line":5,"column":20},"end":{"line":11,"column":3}},"line":5},"1":{"name":"(anonymous_1)","decl":{"start":{"line":13,"column":2},"end":{"line":13,"column":3}},"loc":{"start":{"line":13,"column":10},"end":{"line":23,"column":3}},"line":13},"2":{"name":"(anonymous_2)","decl":{"start":{"line":17,"column":35},"end":{"line":17,"column":36}},"loc":{"start":{"line":17,"column":52},"end":{"line":19,"column":11}},"line":17},"3":{"name":"(anonymous_3)","decl":{"start":{"line":18,"column":40},"end":{"line":18,"column":41}},"loc":{"start":{"line":18,"column":46},"end":{"line":18,"column":71}},"line":18}},"branchMap":{"0":{"loc":{"start":{"line":9,"column":17},"end":{"line":9,"column":43}},"type":"binary-expr","locations":[{"start":{"line":9,"column":17},"end":{"line":9,"column":37}},{"start":{"line":9,"column":41},"end":{"line":9,"column":43}}],"line":9}},"s":{"0":2,"1":2,"2":2,"3":3,"4":0},"f":{"0":2,"1":2,"2":3,"3":0},"b":{"0":[2,1]},"_coverageSchema":"332fd63041d2c1bcb487cc26dd0d5f7d97098a6c","hash":"cb2eafa77f0d9bbfb7999ca4850f9cb230b975dc"}
,"/home/benjamin/Projects/final_project/fitness-app/app/javascript/components/Workout.jsx": {"path":"/home/benjamin/Projects/final_project/fitness-app/app/javascript/components/Workout.jsx","statementMap":{"0":{"start":{"line":9,"column":4},"end":{"line":9,"column":17}},"1":{"start":{"line":10,"column":4},"end":{"line":12,"column":5}},"2":{"start":{"line":13,"column":2},"end":{"line":13,"column":48}},"3":{"start":{"line":17,"column":4},"end":{"line":17,"column":53}},"4":{"start":{"line":18,"column":4},"end":{"line":20,"column":6}},"5":{"start":{"line":25,"column":4},"end":{"line":32,"column":12}}},"fnMap":{"0":{"name":"(anonymous_0)","decl":{"start":{"line":8,"column":2},"end":{"line":8,"column":3}},"loc":{"start":{"line":8,"column":20},"end":{"line":14,"column":3}},"line":8},"1":{"name":"(anonymous_1)","decl":{"start":{"line":16,"column":2},"end":{"line":16,"column":3}},"loc":{"start":{"line":16,"column":16},"end":{"line":22,"column":3}},"line":16},"2":{"name":"(anonymous_2)","decl":{"start":{"line":24,"column":2},"end":{"line":24,"column":3}},"loc":{"start":{"line":24,"column":10},"end":{"line":33,"column":3}},"line":24}},"branchMap":{},"s":{"0":1,"1":1,"2":1,"3":0,"4":0,"5":1},"f":{"0":1,"1":0,"2":1},"b":{},"_coverageSchema":"332fd63041d2c1bcb487cc26dd0d5f7d97098a6c","hash":"5d99d555e1b9005a330727c7647d4e8c98551a9a"}
,"/home/benjamin/Projects/final_project/fitness-app/app/javascript/components/Workoutform.jsx": {"path":"/home/benjamin/Projects/final_project/fitness-app/app/javascript/components/Workoutform.jsx","statementMap":{"0":{"start":{"line":6,"column":4},"end":{"line":6,"column":17}},"1":{"start":{"line":7,"column":4},"end":{"line":9,"column":5}},"2":{"start":{"line":13,"column":4},"end":{"line":17,"column":5}},"3":{"start":{"line":14,"column":18},"end":{"line":14,"column":69}},"4":{"start":{"line":16,"column":18},"end":{"line":16,"column":26}},"5":{"start":{"line":18,"column":4},"end":{"line":44,"column":5}},"6":{"start":{"line":25,"column":29},"end":{"line":25,"column":67}},"7":{"start":{"line":26,"column":26},"end":{"line":26,"column":56}},"8":{"start":{"line":27,"column":27},"end":{"line":27,"column":58}},"9":{"start":{"line":28,"column":12},"end":{"line":39,"column":25}}},"fnMap":{"0":{"name":"(anonymous_0)","decl":{"start":{"line":5,"column":2},"end":{"line":5,"column":3}},"loc":{"start":{"line":5,"column":20},"end":{"line":10,"column":3}},"line":5},"1":{"name":"(anonymous_1)","decl":{"start":{"line":12,"column":2},"end":{"line":12,"column":3}},"loc":{"start":{"line":12,"column":11},"end":{"line":45,"column":3}},"line":12},"2":{"name":"(anonymous_2)","decl":{"start":{"line":24,"column":34},"end":{"line":24,"column":35}},"loc":{"start":{"line":24,"column":51},"end":{"line":40,"column":11}},"line":24}},"branchMap":{"0":{"loc":{"start":{"line":8,"column":16},"end":{"line":8,"column":41}},"type":"binary-expr","locations":[{"start":{"line":8,"column":16},"end":{"line":8,"column":35}},{"start":{"line":8,"column":39},"end":{"line":8,"column":41}}],"line":8},"1":{"loc":{"start":{"line":13,"column":4},"end":{"line":17,"column":5}},"type":"if","locations":[{"start":{"line":13,"column":4},"end":{"line":17,"column":5}},{"start":{"line":13,"column":4},"end":{"line":17,"column":5}}],"line":13}},"s":{"0":2,"1":2,"2":2,"3":0,"4":2,"5":2,"6":3,"7":3,"8":3,"9":3},"f":{"0":2,"1":2,"2":3},"b":{"0":[2,0],"1":[0,2]},"_coverageSchema":"332fd63041d2c1bcb487cc26dd0d5f7d97098a6c","hash":"b50d91b3c6641577d9da020c119dee2295c78e16"}
}
