{"/home/benjamin/Projects/final_project/fitness-app/app/javascript/components/Day.jsx": {"path":"/home/benjamin/Projects/final_project/fitness-app/app/javascript/components/Day.jsx","statementMap":{"0":{"start":{"line":9,"column":4},"end":{"line":9,"column":17}},"1":{"start":{"line":10,"column":4},"end":{"line":12,"column":5}},"2":{"start":{"line":13,"column":2},"end":{"line":13,"column":48}},"3":{"start":{"line":17,"column":4},"end":{"line":17,"column":53}},"4":{"start":{"line":18,"column":4},"end":{"line":20,"column":6}},"5":{"start":{"line":25,"column":4},"end":{"line":32,"column":12}}},"fnMap":{"0":{"name":"(anonymous_0)","decl":{"start":{"line":8,"column":2},"end":{"line":8,"column":3}},"loc":{"start":{"line":8,"column":20},"end":{"line":14,"column":3}},"line":8},"1":{"name":"(anonymous_1)","decl":{"start":{"line":16,"column":2},"end":{"line":16,"column":3}},"loc":{"start":{"line":16,"column":16},"end":{"line":22,"column":3}},"line":16},"2":{"name":"(anonymous_2)","decl":{"start":{"line":24,"column":2},"end":{"line":24,"column":3}},"loc":{"start":{"line":24,"column":10},"end":{"line":33,"column":3}},"line":24}},"branchMap":{},"s":{"0":1,"1":1,"2":1,"3":0,"4":0,"5":1},"f":{"0":1,"1":0,"2":1},"b":{},"_coverageSchema":"332fd63041d2c1bcb487cc26dd0d5f7d97098a6c","hash":"49f29317db0e58e1149167d412ae9b9016f718d2"}
,"/home/benjamin/Projects/final_project/fitness-app/app/javascript/components/Dayform.jsx": {"path":"/home/benjamin/Projects/final_project/fitness-app/app/javascript/components/Dayform.jsx","statementMap":{"0":{"start":{"line":6,"column":4},"end":{"line":6,"column":17}},"1":{"start":{"line":7,"column":4},"end":{"line":9,"column":5}},"2":{"start":{"line":13,"column":4},"end":{"line":17,"column":5}},"3":{"start":{"line":14,"column":18},"end":{"line":14,"column":69}},"4":{"start":{"line":16,"column":18},"end":{"line":16,"column":26}},"5":{"start":{"line":18,"column":4},"end":{"line":44,"column":5}},"6":{"start":{"line":25,"column":29},"end":{"line":25,"column":67}},"7":{"start":{"line":26,"column":26},"end":{"line":26,"column":56}},"8":{"start":{"line":27,"column":27},"end":{"line":27,"column":58}},"9":{"start":{"line":28,"column":12},"end":{"line":39,"column":25}}},"fnMap":{"0":{"name":"(anonymous_0)","decl":{"start":{"line":5,"column":2},"end":{"line":5,"column":3}},"loc":{"start":{"line":5,"column":20},"end":{"line":10,"column":3}},"line":5},"1":{"name":"(anonymous_1)","decl":{"start":{"line":12,"column":2},"end":{"line":12,"column":3}},"loc":{"start":{"line":12,"column":11},"end":{"line":45,"column":3}},"line":12},"2":{"name":"(anonymous_2)","decl":{"start":{"line":24,"column":34},"end":{"line":24,"column":35}},"loc":{"start":{"line":24,"column":51},"end":{"line":40,"column":11}},"line":24}},"branchMap":{"0":{"loc":{"start":{"line":8,"column":16},"end":{"line":8,"column":41}},"type":"binary-expr","locations":[{"start":{"line":8,"column":16},"end":{"line":8,"column":35}},{"start":{"line":8,"column":39},"end":{"line":8,"column":41}}],"line":8},"1":{"loc":{"start":{"line":13,"column":4},"end":{"line":17,"column":5}},"type":"if","locations":[{"start":{"line":13,"column":4},"end":{"line":17,"column":5}},{"start":{"line":13,"column":4},"end":{"line":17,"column":5}}],"line":13}},"s":{"0":2,"1":2,"2":2,"3":0,"4":2,"5":2,"6":3,"7":3,"8":3,"9":3},"f":{"0":2,"1":2,"2":3},"b":{"0":[2,0],"1":[0,2]},"_coverageSchema":"332fd63041d2c1bcb487cc26dd0d5f7d97098a6c","hash":"2514170c79ab260df92be7e69ef22752d11ecdd3"}
,"/home/benjamin/Projects/final_project/fitness-app/app/javascript/components/Daylist.jsx": {"path":"/home/benjamin/Projects/final_project/fitness-app/app/javascript/components/Daylist.jsx","statementMap":{"0":{"start":{"line":8,"column":4},"end":{"line":8,"column":17}},"1":{"start":{"line":9,"column":4},"end":{"line":11,"column":5}},"2":{"start":{"line":15,"column":4},"end":{"line":41,"column":5}},"3":{"start":{"line":20,"column":14},"end":{"line":36,"column":15}},"4":{"start":{"line":27,"column":22},"end":{"line":31,"column":24}}},"fnMap":{"0":{"name":"(anonymous_0)","decl":{"start":{"line":7,"column":2},"end":{"line":7,"column":3}},"loc":{"start":{"line":7,"column":20},"end":{"line":12,"column":3}},"line":7},"1":{"name":"(anonymous_1)","decl":{"start":{"line":14,"column":2},"end":{"line":14,"column":3}},"loc":{"start":{"line":14,"column":10},"end":{"line":42,"column":3}},"line":14},"2":{"name":"(anonymous_2)","decl":{"start":{"line":19,"column":32},"end":{"line":19,"column":33}},"loc":{"start":{"line":19,"column":44},"end":{"line":37,"column":13}},"line":19},"3":{"name":"(anonymous_3)","decl":{"start":{"line":26,"column":42},"end":{"line":26,"column":43}},"loc":{"start":{"line":26,"column":63},"end":{"line":32,"column":21}},"line":26}},"branchMap":{"0":{"loc":{"start":{"line":10,"column":12},"end":{"line":10,"column":45}},"type":"binary-expr","locations":[{"start":{"line":10,"column":12},"end":{"line":10,"column":39}},{"start":{"line":10,"column":43},"end":{"line":10,"column":45}}],"line":10}},"s":{"0":2,"1":2,"2":2,"3":2,"4":2},"f":{"0":2,"1":2,"2":2,"3":2},"b":{"0":[2,0]},"_coverageSchema":"332fd63041d2c1bcb487cc26dd0d5f7d97098a6c","hash":"cca7906f3f8c1b7ca101b944b9f799277d57a5a3"}
,"/home/benjamin/Projects/final_project/fitness-app/app/javascript/components/Gymmap.jsx": {"path":"/home/benjamin/Projects/final_project/fitness-app/app/javascript/components/Gymmap.jsx","statementMap":{"0":{"start":{"line":6,"column":4},"end":{"line":6,"column":17}},"1":{"start":{"line":8,"column":4},"end":{"line":11,"column":5}},"2":{"start":{"line":13,"column":2},"end":{"line":13,"column":67}},"3":{"start":{"line":14,"column":2},"end":{"line":14,"column":47}},"4":{"start":{"line":15,"column":2},"end":{"line":15,"column":43}},"5":{"start":{"line":16,"column":2},"end":{"line":16,"column":51}},"6":{"start":{"line":20,"column":20},"end":{"line":20,"column":57}},"7":{"start":{"line":21,"column":4},"end":{"line":32,"column":6}},"8":{"start":{"line":22,"column":6},"end":{"line":22,"column":29}},"9":{"start":{"line":24,"column":6},"end":{"line":29,"column":8}},"10":{"start":{"line":31,"column":6},"end":{"line":31,"column":21}},"11":{"start":{"line":36,"column":17},"end":{"line":36,"column":85}},"12":{"start":{"line":37,"column":18},"end":{"line":37,"column":69}},"13":{"start":{"line":38,"column":4},"end":{"line":49,"column":6}},"14":{"start":{"line":43,"column":6},"end":{"line":48,"column":7}},"15":{"start":{"line":44,"column":8},"end":{"line":47,"column":9}},"16":{"start":{"line":45,"column":22},"end":{"line":45,"column":32}},"17":{"start":{"line":46,"column":10},"end":{"line":46,"column":40}},"18":{"start":{"line":53,"column":17},"end":{"line":56,"column":6}},"19":{"start":{"line":58,"column":21},"end":{"line":58,"column":49}},"20":{"start":{"line":59,"column":4},"end":{"line":62,"column":7}},"21":{"start":{"line":60,"column":6},"end":{"line":60,"column":68}},"22":{"start":{"line":61,"column":6},"end":{"line":61,"column":43}},"23":{"start":{"line":66,"column":4},"end":{"line":66,"column":49}},"24":{"start":{"line":70,"column":4},"end":{"line":90,"column":6}},"25":{"start":{"line":85,"column":26},"end":{"line":85,"column":41}},"26":{"start":{"line":93,"column":0},"end":{"line":95,"column":2}}},"fnMap":{"0":{"name":"(anonymous_0)","decl":{"start":{"line":5,"column":2},"end":{"line":5,"column":3}},"loc":{"start":{"line":5,"column":20},"end":{"line":17,"column":3}},"line":5},"1":{"name":"(anonymous_1)","decl":{"start":{"line":19,"column":2},"end":{"line":19,"column":3}},"loc":{"start":{"line":19,"column":14},"end":{"line":33,"column":3}},"line":19},"2":{"name":"(anonymous_2)","decl":{"start":{"line":21,"column":137},"end":{"line":21,"column":138}},"loc":{"start":{"line":21,"column":150},"end":{"line":23,"column":5}},"line":21},"3":{"name":"(anonymous_3)","decl":{"start":{"line":23,"column":12},"end":{"line":23,"column":13}},"loc":{"start":{"line":23,"column":26},"end":{"line":30,"column":5}},"line":23},"4":{"name":"(anonymous_4)","decl":{"start":{"line":30,"column":12},"end":{"line":30,"column":13}},"loc":{"start":{"line":30,"column":17},"end":{"line":32,"column":5}},"line":30},"5":{"name":"(anonymous_5)","decl":{"start":{"line":35,"column":2},"end":{"line":35,"column":3}},"loc":{"start":{"line":35,"column":12},"end":{"line":50,"column":3}},"line":35},"6":{"name":"(anonymous_6)","decl":{"start":{"line":42,"column":7},"end":{"line":42,"column":8}},"loc":{"start":{"line":42,"column":28},"end":{"line":49,"column":5}},"line":42},"7":{"name":"(anonymous_7)","decl":{"start":{"line":52,"column":2},"end":{"line":52,"column":3}},"loc":{"start":{"line":52,"column":22},"end":{"line":63,"column":3}},"line":52},"8":{"name":"(anonymous_8)","decl":{"start":{"line":59,"column":51},"end":{"line":59,"column":52}},"loc":{"start":{"line":59,"column":62},"end":{"line":62,"column":5}},"line":59},"9":{"name":"(anonymous_9)","decl":{"start":{"line":65,"column":2},"end":{"line":65,"column":3}},"loc":{"start":{"line":65,"column":30},"end":{"line":67,"column":3}},"line":65},"10":{"name":"(anonymous_10)","decl":{"start":{"line":69,"column":2},"end":{"line":69,"column":3}},"loc":{"start":{"line":69,"column":11},"end":{"line":91,"column":3}},"line":69},"11":{"name":"(anonymous_11)","decl":{"start":{"line":85,"column":15},"end":{"line":85,"column":16}},"loc":{"start":{"line":85,"column":24},"end":{"line":85,"column":43}},"line":85}},"branchMap":{"0":{"loc":{"start":{"line":43,"column":6},"end":{"line":48,"column":7}},"type":"if","locations":[{"start":{"line":43,"column":6},"end":{"line":48,"column":7}},{"start":{"line":43,"column":6},"end":{"line":48,"column":7}}],"line":43}},"s":{"0":2,"1":2,"2":2,"3":2,"4":2,"5":2,"6":1,"7":1,"8":1,"9":1,"10":1,"11":1,"12":0,"13":0,"14":0,"15":0,"16":0,"17":0,"18":0,"19":0,"20":0,"21":0,"22":0,"23":1,"24":4,"25":6,"26":1},"f":{"0":2,"1":1,"2":1,"3":1,"4":1,"5":1,"6":0,"7":0,"8":0,"9":1,"10":4,"11":6},"b":{"0":[0,0]},"_coverageSchema":"332fd63041d2c1bcb487cc26dd0d5f7d97098a6c","hash":"43d547b6d4e1cdd46e263b2d77100091bed0ffd7"}
,"/home/benjamin/Projects/final_project/fitness-app/app/javascript/components/Itemlist.jsx": {"path":"/home/benjamin/Projects/final_project/fitness-app/app/javascript/components/Itemlist.jsx","statementMap":{"0":{"start":{"line":6,"column":4},"end":{"line":6,"column":17}},"1":{"start":{"line":8,"column":4},"end":{"line":10,"column":5}},"2":{"start":{"line":14,"column":4},"end":{"line":22,"column":5}},"3":{"start":{"line":18,"column":12},"end":{"line":18,"column":93}},"4":{"start":{"line":18,"column":46},"end":{"line":18,"column":71}}},"fnMap":{"0":{"name":"(anonymous_0)","decl":{"start":{"line":5,"column":2},"end":{"line":5,"column":3}},"loc":{"start":{"line":5,"column":20},"end":{"line":11,"column":3}},"line":5},"1":{"name":"(anonymous_1)","decl":{"start":{"line":13,"column":2},"end":{"line":13,"column":3}},"loc":{"start":{"line":13,"column":10},"end":{"line":23,"column":3}},"line":13},"2":{"name":"(anonymous_2)","decl":{"start":{"line":17,"column":31},"end":{"line":17,"column":32}},"loc":{"start":{"line":17,"column":44},"end":{"line":19,"column":11}},"line":17},"3":{"name":"(anonymous_3)","decl":{"start":{"line":18,"column":40},"end":{"line":18,"column":41}},"loc":{"start":{"line":18,"column":46},"end":{"line":18,"column":71}},"line":18}},"branchMap":{"0":{"loc":{"start":{"line":9,"column":13},"end":{"line":9,"column":35}},"type":"binary-expr","locations":[{"start":{"line":9,"column":13},"end":{"line":9,"column":29}},{"start":{"line":9,"column":33},"end":{"line":9,"column":35}}],"line":9}},"s":{"0":3,"1":3,"2":3,"3":3,"4":0},"f":{"0":3,"1":3,"2":3,"3":0},"b":{"0":[3,2]},"_coverageSchema":"332fd63041d2c1bcb487cc26dd0d5f7d97098a6c","hash":"7cdf481dc6f5db5ff01c5d517a50cf5d4665c3e8"}
,"/home/benjamin/Projects/final_project/fitness-app/app/javascript/components/Workout.jsx": {"path":"/home/benjamin/Projects/final_project/fitness-app/app/javascript/components/Workout.jsx","statementMap":{"0":{"start":{"line":9,"column":4},"end":{"line":9,"column":17}},"1":{"start":{"line":10,"column":4},"end":{"line":12,"column":5}},"2":{"start":{"line":13,"column":2},"end":{"line":13,"column":48}},"3":{"start":{"line":17,"column":4},"end":{"line":17,"column":49}},"4":{"start":{"line":18,"column":4},"end":{"line":20,"column":6}},"5":{"start":{"line":25,"column":4},"end":{"line":32,"column":12}}},"fnMap":{"0":{"name":"(anonymous_0)","decl":{"start":{"line":8,"column":2},"end":{"line":8,"column":3}},"loc":{"start":{"line":8,"column":20},"end":{"line":14,"column":3}},"line":8},"1":{"name":"(anonymous_1)","decl":{"start":{"line":16,"column":2},"end":{"line":16,"column":3}},"loc":{"start":{"line":16,"column":16},"end":{"line":22,"column":3}},"line":16},"2":{"name":"(anonymous_2)","decl":{"start":{"line":24,"column":2},"end":{"line":24,"column":3}},"loc":{"start":{"line":24,"column":10},"end":{"line":33,"column":3}},"line":24}},"branchMap":{},"s":{"0":1,"1":1,"2":1,"3":0,"4":0,"5":1},"f":{"0":1,"1":0,"2":1},"b":{},"_coverageSchema":"332fd63041d2c1bcb487cc26dd0d5f7d97098a6c","hash":"d7ac558c074eefb81d197329e6d98896c774c255"}
,"/home/benjamin/Projects/final_project/fitness-app/app/javascript/components/Workoutform.jsx": {"path":"/home/benjamin/Projects/final_project/fitness-app/app/javascript/components/Workoutform.jsx","statementMap":{"0":{"start":{"line":6,"column":4},"end":{"line":6,"column":17}},"1":{"start":{"line":7,"column":4},"end":{"line":9,"column":5}},"2":{"start":{"line":13,"column":4},"end":{"line":17,"column":5}},"3":{"start":{"line":14,"column":18},"end":{"line":14,"column":69}},"4":{"start":{"line":16,"column":18},"end":{"line":16,"column":26}},"5":{"start":{"line":18,"column":4},"end":{"line":51,"column":5}},"6":{"start":{"line":42,"column":24},"end":{"line":42,"column":52}},"7":{"start":{"line":43,"column":12},"end":{"line":46,"column":25}}},"fnMap":{"0":{"name":"(anonymous_0)","decl":{"start":{"line":5,"column":2},"end":{"line":5,"column":3}},"loc":{"start":{"line":5,"column":20},"end":{"line":10,"column":3}},"line":5},"1":{"name":"(anonymous_1)","decl":{"start":{"line":12,"column":2},"end":{"line":12,"column":3}},"loc":{"start":{"line":12,"column":11},"end":{"line":52,"column":3}},"line":12},"2":{"name":"(anonymous_2)","decl":{"start":{"line":41,"column":34},"end":{"line":41,"column":35}},"loc":{"start":{"line":41,"column":46},"end":{"line":47,"column":11}},"line":41}},"branchMap":{"0":{"loc":{"start":{"line":8,"column":16},"end":{"line":8,"column":41}},"type":"binary-expr","locations":[{"start":{"line":8,"column":16},"end":{"line":8,"column":35}},{"start":{"line":8,"column":39},"end":{"line":8,"column":41}}],"line":8},"1":{"loc":{"start":{"line":13,"column":4},"end":{"line":17,"column":5}},"type":"if","locations":[{"start":{"line":13,"column":4},"end":{"line":17,"column":5}},{"start":{"line":13,"column":4},"end":{"line":17,"column":5}}],"line":13}},"s":{"0":2,"1":2,"2":2,"3":0,"4":2,"5":2,"6":3,"7":3},"f":{"0":2,"1":2,"2":3},"b":{"0":[2,0],"1":[0,2]},"_coverageSchema":"332fd63041d2c1bcb487cc26dd0d5f7d97098a6c","hash":"ef8b2af04c70d9de4949f4867b54c88ce7e118bd"}
,"/home/benjamin/Projects/final_project/fitness-app/app/javascript/components/Workoutlist.jsx": {"path":"/home/benjamin/Projects/final_project/fitness-app/app/javascript/components/Workoutlist.jsx","statementMap":{"0":{"start":{"line":8,"column":4},"end":{"line":8,"column":17}},"1":{"start":{"line":9,"column":4},"end":{"line":11,"column":5}},"2":{"start":{"line":15,"column":4},"end":{"line":19,"column":5}},"3":{"start":{"line":16,"column":18},"end":{"line":16,"column":69}},"4":{"start":{"line":18,"column":18},"end":{"line":18,"column":26}},"5":{"start":{"line":20,"column":4},"end":{"line":64,"column":5}},"6":{"start":{"line":25,"column":14},"end":{"line":59,"column":15}},"7":{"start":{"line":35,"column":26},"end":{"line":47,"column":28}},"8":{"start":{"line":40,"column":32},"end":{"line":44,"column":34}}},"fnMap":{"0":{"name":"(anonymous_0)","decl":{"start":{"line":7,"column":2},"end":{"line":7,"column":3}},"loc":{"start":{"line":7,"column":20},"end":{"line":12,"column":3}},"line":7},"1":{"name":"(anonymous_1)","decl":{"start":{"line":14,"column":2},"end":{"line":14,"column":3}},"loc":{"start":{"line":14,"column":10},"end":{"line":65,"column":3}},"line":14},"2":{"name":"(anonymous_2)","decl":{"start":{"line":24,"column":36},"end":{"line":24,"column":37}},"loc":{"start":{"line":24,"column":52},"end":{"line":60,"column":13}},"line":24},"3":{"name":"(anonymous_3)","decl":{"start":{"line":34,"column":41},"end":{"line":34,"column":42}},"loc":{"start":{"line":34,"column":53},"end":{"line":48,"column":25}},"line":34},"4":{"name":"(anonymous_4)","decl":{"start":{"line":39,"column":52},"end":{"line":39,"column":53}},"loc":{"start":{"line":39,"column":73},"end":{"line":45,"column":31}},"line":39}},"branchMap":{"0":{"loc":{"start":{"line":10,"column":16},"end":{"line":10,"column":53}},"type":"binary-expr","locations":[{"start":{"line":10,"column":16},"end":{"line":10,"column":47}},{"start":{"line":10,"column":51},"end":{"line":10,"column":53}}],"line":10},"1":{"loc":{"start":{"line":15,"column":4},"end":{"line":19,"column":5}},"type":"if","locations":[{"start":{"line":15,"column":4},"end":{"line":19,"column":5}},{"start":{"line":15,"column":4},"end":{"line":19,"column":5}}],"line":15}},"s":{"0":2,"1":2,"2":2,"3":0,"4":2,"5":2,"6":2,"7":2,"8":2},"f":{"0":2,"1":2,"2":2,"3":2,"4":2},"b":{"0":[2,0],"1":[0,2]},"_coverageSchema":"332fd63041d2c1bcb487cc26dd0d5f7d97098a6c","hash":"81771bc15bcc9a7ec506563f2aa99dc351ac67fe"}
}
