TN:
SF:/home/benjamin/Projects/final_project/fitness-app/app/javascript/components/Day.jsx
FN:8,(anonymous_0)
FN:16,(anonymous_1)
FN:24,(anonymous_2)
FNF:3
FNH:2
FNDA:1,(anonymous_0)
FNDA:0,(anonymous_1)
FNDA:1,(anonymous_2)
DA:9,1
DA:10,1
DA:13,1
DA:17,0
DA:18,0
DA:25,1
LF:6
LH:4
BRF:0
BRH:0
end_of_record
TN:
SF:/home/benjamin/Projects/final_project/fitness-app/app/javascript/components/Dayform.jsx
FN:5,(anonymous_0)
FN:12,(anonymous_1)
FN:24,(anonymous_2)
FNF:3
FNH:3
FNDA:2,(anonymous_0)
FNDA:2,(anonymous_1)
FNDA:3,(anonymous_2)
DA:6,2
DA:7,2
DA:13,2
DA:14,0
DA:16,2
DA:18,2
DA:25,3
DA:26,3
DA:27,3
DA:28,3
LF:10
LH:9
BRDA:8,0,0,2
BRDA:8,0,1,0
BRDA:13,1,0,0
BRDA:13,1,1,2
BRF:4
BRH:2
end_of_record
TN:
SF:/home/benjamin/Projects/final_project/fitness-app/app/javascript/components/Daylist.jsx
FN:7,(anonymous_0)
FN:14,(anonymous_1)
FN:19,(anonymous_2)
FN:26,(anonymous_3)
FNF:4
FNH:4
FNDA:2,(anonymous_0)
FNDA:2,(anonymous_1)
FNDA:2,(anonymous_2)
FNDA:2,(anonymous_3)
DA:8,2
DA:9,2
DA:15,2
DA:20,2
DA:27,2
LF:5
LH:5
BRDA:10,0,0,2
BRDA:10,0,1,0
BRF:2
BRH:1
end_of_record
TN:
SF:/home/benjamin/Projects/final_project/fitness-app/app/javascript/components/Gymmap.jsx
FN:5,(anonymous_0)
FN:19,(anonymous_1)
FN:21,(anonymous_2)
FN:23,(anonymous_3)
FN:30,(anonymous_4)
FN:35,(anonymous_5)
FN:42,(anonymous_6)
FN:52,(anonymous_7)
FN:59,(anonymous_8)
FN:63,(anonymous_9)
FN:79,(anonymous_10)
FNF:11
FNH:9
FNDA:3,(anonymous_0)
FNDA:2,(anonymous_1)
FNDA:2,(anonymous_2)
FNDA:2,(anonymous_3)
FNDA:2,(anonymous_4)
FNDA:2,(anonymous_5)
FNDA:0,(anonymous_6)
FNDA:0,(anonymous_7)
FNDA:2,(anonymous_8)
FNDA:7,(anonymous_9)
FNDA:11,(anonymous_10)
DA:6,3
DA:8,3
DA:13,3
DA:14,3
DA:15,3
DA:16,3
DA:20,2
DA:21,2
DA:22,2
DA:24,2
DA:31,2
DA:36,2
DA:37,0
DA:38,0
DA:43,0
DA:44,0
DA:45,0
DA:46,0
DA:53,0
DA:60,2
DA:64,7
DA:79,11
DA:87,1
LF:23
LH:16
BRDA:43,0,0,0
BRDA:43,0,1,0
BRF:2
BRH:0
end_of_record
TN:
SF:/home/benjamin/Projects/final_project/fitness-app/app/javascript/components/Itemlist.jsx
FN:5,(anonymous_0)
FN:13,(anonymous_1)
FN:17,(anonymous_2)
FN:18,(anonymous_3)
FNF:4
FNH:3
FNDA:3,(anonymous_0)
FNDA:3,(anonymous_1)
FNDA:3,(anonymous_2)
FNDA:0,(anonymous_3)
DA:6,3
DA:8,3
DA:14,3
DA:18,3
LF:4
LH:4
BRDA:9,0,0,3
BRDA:9,0,1,2
BRF:2
BRH:2
end_of_record
TN:
SF:/home/benjamin/Projects/final_project/fitness-app/app/javascript/components/Workout.jsx
FN:8,(anonymous_0)
FN:16,(anonymous_1)
FN:24,(anonymous_2)
FNF:3
FNH:2
FNDA:1,(anonymous_0)
FNDA:0,(anonymous_1)
FNDA:1,(anonymous_2)
DA:9,1
DA:10,1
DA:13,1
DA:17,0
DA:18,0
DA:25,1
LF:6
LH:4
BRF:0
BRH:0
end_of_record
TN:
SF:/home/benjamin/Projects/final_project/fitness-app/app/javascript/components/Workoutform.jsx
FN:5,(anonymous_0)
FN:12,(anonymous_1)
FN:35,(anonymous_2)
FNF:3
FNH:3
FNDA:2,(anonymous_0)
FNDA:2,(anonymous_1)
FNDA:3,(anonymous_2)
DA:6,2
DA:7,2
DA:13,2
DA:14,0
DA:16,2
DA:18,2
DA:36,3
DA:37,3
LF:8
LH:7
BRDA:8,0,0,2
BRDA:8,0,1,0
BRDA:13,1,0,0
BRDA:13,1,1,2
BRF:4
BRH:2
end_of_record
